---------------------------------------------------------------
[ 2018-11-05T21:48:03+08:00 ] 127.0.0.1 GET www.kingblogphp.com/
[ sql ] [ DB ] CONNECT:[ UseTime:0.165908s ] mysql:host=127.0.0.1;dbname=kingblogphp;charset=utf8
[ sql ] [ SQL ] SHOW COLUMNS FROM `kb_banner` [ RunTime:0.293289s ]
[ sql ] [ SQL ] SELECT * FROM `kb_banner` WHERE  `status` = '1' ORDER BY `weigh` LIMIT 5 [ RunTime:0.042442s ]
[ sql ] [ SQL ] SHOW COLUMNS FROM `kb_article_category` [ RunTime:0.023416s ]
[ sql ] [ SQL ] SELECT * FROM `kb_article_category` ORDER BY `id` [ RunTime:0.000492s ]
[ sql ] [ SQL ] SHOW COLUMNS FROM `kb_article_tag` [ RunTime:0.022761s ]
[ sql ] [ SQL ] SELECT * FROM `kb_article_tag` ORDER BY `id` [ RunTime:0.000471s ]
[ sql ] [ SQL ] SHOW COLUMNS FROM `kb_article` [ RunTime:0.040896s ]
[ sql ] [ SQL ] SELECT * FROM `kb_article` ORDER BY `id` LIMIT 3 [ RunTime:0.000620s ]
---------------------------------------------------------------
[ 2018-11-05T21:58:24+08:00 ] 127.0.0.1 GET www.kingblogphp.com/
[ sql ] [ DB ] CONNECT:[ UseTime:0.003751s ] mysql:host=127.0.0.1;dbname=kingblogphp;charset=utf8
[ sql ] [ SQL ] SHOW COLUMNS FROM `kb_banner` [ RunTime:0.003174s ]
[ sql ] [ SQL ] SELECT * FROM `kb_banner` WHERE  `status` = '1' ORDER BY `weigh` LIMIT 5 [ RunTime:0.000746s ]
[ sql ] [ SQL ] SHOW COLUMNS FROM `kb_article_category` [ RunTime:0.002587s ]
[ sql ] [ SQL ] SELECT * FROM `kb_article_category` ORDER BY `id` [ RunTime:0.000451s ]
[ sql ] [ SQL ] SHOW COLUMNS FROM `kb_article_tag` [ RunTime:0.003215s ]
[ sql ] [ SQL ] SELECT * FROM `kb_article_tag` ORDER BY `id` [ RunTime:0.000520s ]
[ sql ] [ SQL ] SHOW COLUMNS FROM `kb_article` [ RunTime:0.001527s ]
[ sql ] [ SQL ] SELECT * FROM `kb_article` ORDER BY `id` LIMIT 3 [ RunTime:0.000574s ]
---------------------------------------------------------------
[ 2018-11-05T21:58:38+08:00 ] 127.0.0.1 POST www.kingblogphp.com/admin/index/login?url=%2Fadmin
[ sql ] [ DB ] CONNECT:[ UseTime:0.002253s ] mysql:host=127.0.0.1;dbname=kingblogphp;charset=utf8
[ sql ] [ SQL ] SHOW COLUMNS FROM `kb_admin` [ RunTime:0.028289s ]
[ sql ] [ SQL ] SELECT * FROM `kb_admin` WHERE  `username` = 'Eastascend' LIMIT 1 [ RunTime:0.051817s ]
[ sql ] [ SQL ] UPDATE `kb_admin`  SET `logintime`=1541426317,`token`='5bfad349-1765-4523-97d9-b004ac7b0ef6',`updatetime`=1541426317  WHERE  `id` = 1 [ RunTime:0.161398s ]
[ sql ] [ SQL ] SHOW COLUMNS FROM `kb_admin_log` [ RunTime:0.036055s ]
[ sql ] [ SQL ] INSERT INTO `kb_admin_log` (`title` , `content` , `url` , `admin_id` , `username` , `useragent` , `ip` , `createtime`) VALUES ('登录' , '{\"url\":\"\\/admin\",\"__token__\":\"e10c74071bfeac9949977c7ae6e6c2b4\",\"username\":\"Eastascend\",\"keeplogin\":\"1\"}' , '/admin/index/login?url=%2Fadmin' , 1 , 'Eastascend' , 'Mozilla/5.0 (Windows NT 10.0; Win64; x64) AppleWebKit/537.36 (KHTML, like Gecko) Chrome/70.0.3538.77 Safari/537.36' , '127.0.0.1' , 1541426318) [ RunTime:0.186638s ]
---------------------------------------------------------------
[ 2018-11-05T21:58:38+08:00 ] 127.0.0.1 GET www.kingblogphp.com/admin
[ sql ] [ DB ] CONNECT:[ UseTime:0.002057s ] mysql:host=127.0.0.1;dbname=kingblogphp;charset=utf8
[ sql ] [ SQL ] SHOW COLUMNS FROM `kb_auth_group_access` [ RunTime:0.012123s ]
[ sql ] [ SQL ] SELECT `aga`.`uid`,`aga`.`group_id`,`ag`.`id`,`ag`.`pid`,`ag`.`name`,`ag`.`rules` FROM `kb_auth_group_access` `aga` LEFT JOIN `kb_auth_group` `ag` ON `aga`.`group_id`=`ag`.`id` WHERE  (  aga.uid='1' and ag.status='normal' ) [ RunTime:0.074376s ]
[ sql ] [ SQL ] SHOW COLUMNS FROM `kb_auth_rule` [ RunTime:0.022381s ]
[ sql ] [ SQL ] SELECT `id`,`pid`,`condition`,`icon`,`name`,`title`,`ismenu` FROM `kb_auth_rule` WHERE  `status` = 'normal' [ RunTime:0.011318s ]
---------------------------------------------------------------
[ 2018-11-05T21:58:39+08:00 ] 127.0.0.1 GET www.kingblogphp.com/admin/dashboard?addtabs=1
[ sql ] [ DB ] CONNECT:[ UseTime:0.002119s ] mysql:host=127.0.0.1;dbname=kingblogphp;charset=utf8
[ sql ] [ SQL ] SHOW COLUMNS FROM `kb_auth_group_access` [ RunTime:0.002131s ]
[ sql ] [ SQL ] SELECT `aga`.`uid`,`aga`.`group_id`,`ag`.`id`,`ag`.`pid`,`ag`.`name`,`ag`.`rules` FROM `kb_auth_group_access` `aga` LEFT JOIN `kb_auth_group` `ag` ON `aga`.`group_id`=`ag`.`id` WHERE  (  aga.uid='1' and ag.status='normal' ) [ RunTime:0.001713s ]
[ sql ] [ SQL ] SHOW COLUMNS FROM `kb_auth_rule` [ RunTime:0.002691s ]
[ sql ] [ SQL ] SELECT `id`,`pid`,`condition`,`icon`,`name`,`title`,`ismenu` FROM `kb_auth_rule` WHERE  `status` = 'normal' [ RunTime:0.001198s ]
[ sql ] [ SQL ] SELECT `title`,`remark` FROM `kb_auth_rule` WHERE  `name` = 'dashboard' LIMIT 1 [ RunTime:0.000713s ]
---------------------------------------------------------------
[ 2018-11-05T21:58:45+08:00 ] 127.0.0.1 GET www.kingblogphp.com/admin/message?addtabs=1
[ sql ] [ DB ] CONNECT:[ UseTime:0.001727s ] mysql:host=127.0.0.1;dbname=kingblogphp;charset=utf8
[ sql ] [ SQL ] SHOW COLUMNS FROM `kb_auth_group_access` [ RunTime:0.001894s ]
[ sql ] [ SQL ] SELECT `aga`.`uid`,`aga`.`group_id`,`ag`.`id`,`ag`.`pid`,`ag`.`name`,`ag`.`rules` FROM `kb_auth_group_access` `aga` LEFT JOIN `kb_auth_group` `ag` ON `aga`.`group_id`=`ag`.`id` WHERE  (  aga.uid='1' and ag.status='normal' ) [ RunTime:0.001216s ]
[ sql ] [ SQL ] SHOW COLUMNS FROM `kb_auth_rule` [ RunTime:0.001613s ]
[ sql ] [ SQL ] SELECT `id`,`pid`,`condition`,`icon`,`name`,`title`,`ismenu` FROM `kb_auth_rule` WHERE  `status` = 'normal' [ RunTime:0.001125s ]
[ sql ] [ SQL ] SELECT `title`,`remark` FROM `kb_auth_rule` WHERE  `name` = 'message' LIMIT 1 [ RunTime:0.000586s ]
---------------------------------------------------------------
[ 2018-11-05T21:58:46+08:00 ] 127.0.0.1 GET www.kingblogphp.com/admin/message/index?sort=id&order=desc&offset=0&limit=10&filter=%7B%7D&op=%7B%7D&_=1541426326155
[ sql ] [ DB ] CONNECT:[ UseTime:0.007752s ] mysql:host=127.0.0.1;dbname=kingblogphp;charset=utf8
[ sql ] [ SQL ] SHOW COLUMNS FROM `kb_auth_group_access` [ RunTime:0.002497s ]
[ sql ] [ SQL ] SELECT `aga`.`uid`,`aga`.`group_id`,`ag`.`id`,`ag`.`pid`,`ag`.`name`,`ag`.`rules` FROM `kb_auth_group_access` `aga` LEFT JOIN `kb_auth_group` `ag` ON `aga`.`group_id`=`ag`.`id` WHERE  (  aga.uid='1' and ag.status='normal' ) [ RunTime:0.001810s ]
[ sql ] [ SQL ] SHOW COLUMNS FROM `kb_auth_rule` [ RunTime:0.003090s ]
[ sql ] [ SQL ] SELECT `id`,`pid`,`condition`,`icon`,`name`,`title`,`ismenu` FROM `kb_auth_rule` WHERE  `status` = 'normal' [ RunTime:0.001659s ]
[ sql ] [ SQL ] SHOW COLUMNS FROM `kb_message` [ RunTime:0.069813s ]
[ sql ] [ SQL ] SELECT COUNT(*) AS tp_count FROM `kb_message` ORDER BY `id` DESC LIMIT 1 [ RunTime:0.055794s ]
[ sql ] [ SQL ] SELECT * FROM `kb_message` ORDER BY `id` DESC LIMIT 0,10 [ RunTime:0.000641s ]
---------------------------------------------------------------
[ 2018-11-05T21:58:52+08:00 ] 127.0.0.1 GET www.kingblogphp.com/admin/banner?addtabs=1
[ sql ] [ DB ] CONNECT:[ UseTime:0.001734s ] mysql:host=127.0.0.1;dbname=kingblogphp;charset=utf8
[ sql ] [ SQL ] SHOW COLUMNS FROM `kb_auth_group_access` [ RunTime:0.002255s ]
[ sql ] [ SQL ] SELECT `aga`.`uid`,`aga`.`group_id`,`ag`.`id`,`ag`.`pid`,`ag`.`name`,`ag`.`rules` FROM `kb_auth_group_access` `aga` LEFT JOIN `kb_auth_group` `ag` ON `aga`.`group_id`=`ag`.`id` WHERE  (  aga.uid='1' and ag.status='normal' ) [ RunTime:0.001379s ]
[ sql ] [ SQL ] SHOW COLUMNS FROM `kb_auth_rule` [ RunTime:0.001579s ]
[ sql ] [ SQL ] SELECT `id`,`pid`,`condition`,`icon`,`name`,`title`,`ismenu` FROM `kb_auth_rule` WHERE  `status` = 'normal' [ RunTime:0.001105s ]
[ sql ] [ SQL ] SELECT `title`,`remark` FROM `kb_auth_rule` WHERE  `name` = 'banner' LIMIT 1 [ RunTime:0.000652s ]
---------------------------------------------------------------
[ 2018-11-05T21:58:52+08:00 ] 127.0.0.1 GET www.kingblogphp.com/admin/banner/index?sort=weigh&order=desc&offset=0&limit=10&filter=%7B%7D&op=%7B%7D&_=1541426332458
[ sql ] [ DB ] CONNECT:[ UseTime:0.001928s ] mysql:host=127.0.0.1;dbname=kingblogphp;charset=utf8
[ sql ] [ SQL ] SHOW COLUMNS FROM `kb_auth_group_access` [ RunTime:0.001702s ]
[ sql ] [ SQL ] SELECT `aga`.`uid`,`aga`.`group_id`,`ag`.`id`,`ag`.`pid`,`ag`.`name`,`ag`.`rules` FROM `kb_auth_group_access` `aga` LEFT JOIN `kb_auth_group` `ag` ON `aga`.`group_id`=`ag`.`id` WHERE  (  aga.uid='1' and ag.status='normal' ) [ RunTime:0.001423s ]
[ sql ] [ SQL ] SHOW COLUMNS FROM `kb_auth_rule` [ RunTime:0.003601s ]
[ sql ] [ SQL ] SELECT `id`,`pid`,`condition`,`icon`,`name`,`title`,`ismenu` FROM `kb_auth_rule` WHERE  `status` = 'normal' [ RunTime:0.001210s ]
[ sql ] [ SQL ] SHOW COLUMNS FROM `kb_banner` [ RunTime:0.001635s ]
[ sql ] [ SQL ] SELECT COUNT(*) AS tp_count FROM `kb_banner` ORDER BY `weigh` DESC LIMIT 1 [ RunTime:0.000424s ]
[ sql ] [ SQL ] SELECT * FROM `kb_banner` ORDER BY `weigh` DESC LIMIT 0,10 [ RunTime:0.000518s ]
---------------------------------------------------------------
[ 2018-11-05T21:58:55+08:00 ] 127.0.0.1 GET www.kingblogphp.com/admin/fileix?addtabs=1
[ sql ] [ DB ] CONNECT:[ UseTime:0.001693s ] mysql:host=127.0.0.1;dbname=kingblogphp;charset=utf8
[ sql ] [ SQL ] SHOW COLUMNS FROM `kb_auth_group_access` [ RunTime:0.001514s ]
[ sql ] [ SQL ] SELECT `aga`.`uid`,`aga`.`group_id`,`ag`.`id`,`ag`.`pid`,`ag`.`name`,`ag`.`rules` FROM `kb_auth_group_access` `aga` LEFT JOIN `kb_auth_group` `ag` ON `aga`.`group_id`=`ag`.`id` WHERE  (  aga.uid='1' and ag.status='normal' ) [ RunTime:0.001201s ]
[ sql ] [ SQL ] SHOW COLUMNS FROM `kb_auth_rule` [ RunTime:0.001799s ]
[ sql ] [ SQL ] SELECT `id`,`pid`,`condition`,`icon`,`name`,`title`,`ismenu` FROM `kb_auth_rule` WHERE  `status` = 'normal' [ RunTime:0.001732s ]
[ sql ] [ SQL ] SELECT `title`,`remark` FROM `kb_auth_rule` WHERE  `name` = 'fileix' LIMIT 1 [ RunTime:0.000598s ]
---------------------------------------------------------------
[ 2018-11-05T21:58:56+08:00 ] 127.0.0.1 GET www.kingblogphp.com/admin/fileix/parms
[ sql ] [ DB ] CONNECT:[ UseTime:0.001725s ] mysql:host=127.0.0.1;dbname=kingblogphp;charset=utf8
[ sql ] [ SQL ] SHOW COLUMNS FROM `kb_auth_group_access` [ RunTime:0.001918s ]
[ sql ] [ SQL ] SELECT `aga`.`uid`,`aga`.`group_id`,`ag`.`id`,`ag`.`pid`,`ag`.`name`,`ag`.`rules` FROM `kb_auth_group_access` `aga` LEFT JOIN `kb_auth_group` `ag` ON `aga`.`group_id`=`ag`.`id` WHERE  (  aga.uid='1' and ag.status='normal' ) [ RunTime:0.001192s ]
[ sql ] [ SQL ] SHOW COLUMNS FROM `kb_auth_rule` [ RunTime:0.001725s ]
[ sql ] [ SQL ] SELECT `id`,`pid`,`condition`,`icon`,`name`,`title`,`ismenu` FROM `kb_auth_rule` WHERE  `status` = 'normal' [ RunTime:0.001272s ]
---------------------------------------------------------------
[ 2018-11-05T21:58:56+08:00 ] 127.0.0.1 GET www.kingblogphp.com/admin/fileix/lst
[ sql ] [ DB ] CONNECT:[ UseTime:0.002133s ] mysql:host=127.0.0.1;dbname=kingblogphp;charset=utf8
[ sql ] [ SQL ] SHOW COLUMNS FROM `kb_auth_group_access` [ RunTime:0.001756s ]
[ sql ] [ SQL ] SELECT `aga`.`uid`,`aga`.`group_id`,`ag`.`id`,`ag`.`pid`,`ag`.`name`,`ag`.`rules` FROM `kb_auth_group_access` `aga` LEFT JOIN `kb_auth_group` `ag` ON `aga`.`group_id`=`ag`.`id` WHERE  (  aga.uid='1' and ag.status='normal' ) [ RunTime:0.001785s ]
[ sql ] [ SQL ] SHOW COLUMNS FROM `kb_auth_rule` [ RunTime:0.002038s ]
[ sql ] [ SQL ] SELECT `id`,`pid`,`condition`,`icon`,`name`,`title`,`ismenu` FROM `kb_auth_rule` WHERE  `status` = 'normal' [ RunTime:0.001292s ]
---------------------------------------------------------------
[ 2018-11-05T21:59:03+08:00 ] 127.0.0.1 GET www.kingblogphp.com/admin/command?addtabs=1
[ sql ] [ DB ] CONNECT:[ UseTime:0.002528s ] mysql:host=127.0.0.1;dbname=kingblogphp;charset=utf8
[ sql ] [ SQL ] SHOW COLUMNS FROM `kb_auth_group_access` [ RunTime:0.002750s ]
[ sql ] [ SQL ] SELECT `aga`.`uid`,`aga`.`group_id`,`ag`.`id`,`ag`.`pid`,`ag`.`name`,`ag`.`rules` FROM `kb_auth_group_access` `aga` LEFT JOIN `kb_auth_group` `ag` ON `aga`.`group_id`=`ag`.`id` WHERE  (  aga.uid='1' and ag.status='normal' ) [ RunTime:0.002386s ]
[ sql ] [ SQL ] SHOW COLUMNS FROM `kb_auth_rule` [ RunTime:0.002444s ]
[ sql ] [ SQL ] SELECT `id`,`pid`,`condition`,`icon`,`name`,`title`,`ismenu` FROM `kb_auth_rule` WHERE  `status` = 'normal' [ RunTime:0.001762s ]
[ sql ] [ SQL ] SELECT `title`,`remark` FROM `kb_auth_rule` WHERE  `name` = 'command' LIMIT 1 [ RunTime:0.000944s ]
---------------------------------------------------------------
[ 2018-11-05T21:59:03+08:00 ] 127.0.0.1 GET www.kingblogphp.com/admin/command/index?sort=id&order=desc&offset=0&limit=10&filter=%7B%7D&op=%7B%7D&_=1541426343288
[ sql ] [ DB ] CONNECT:[ UseTime:0.001563s ] mysql:host=127.0.0.1;dbname=kingblogphp;charset=utf8
[ sql ] [ SQL ] SHOW COLUMNS FROM `kb_auth_group_access` [ RunTime:0.001607s ]
[ sql ] [ SQL ] SELECT `aga`.`uid`,`aga`.`group_id`,`ag`.`id`,`ag`.`pid`,`ag`.`name`,`ag`.`rules` FROM `kb_auth_group_access` `aga` LEFT JOIN `kb_auth_group` `ag` ON `aga`.`group_id`=`ag`.`id` WHERE  (  aga.uid='1' and ag.status='normal' ) [ RunTime:0.001267s ]
[ sql ] [ SQL ] SHOW COLUMNS FROM `kb_auth_rule` [ RunTime:0.002259s ]
[ sql ] [ SQL ] SELECT `id`,`pid`,`condition`,`icon`,`name`,`title`,`ismenu` FROM `kb_auth_rule` WHERE  `status` = 'normal' [ RunTime:0.001270s ]
[ sql ] [ SQL ] SHOW COLUMNS FROM `kb_command` [ RunTime:0.026115s ]
[ sql ] [ SQL ] SELECT COUNT(*) AS tp_count FROM `kb_command` ORDER BY `id` DESC LIMIT 1 [ RunTime:0.000476s ]
[ sql ] [ SQL ] SELECT * FROM `kb_command` ORDER BY `id` DESC LIMIT 0,10 [ RunTime:0.000565s ]
---------------------------------------------------------------
[ 2018-11-05T22:00:17+08:00 ] 127.0.0.1 GET www.kingblogphp.com/
[ sql ] [ DB ] CONNECT:[ UseTime:0.004679s ] mysql:host=127.0.0.1;dbname=kingblogphp;charset=utf8
[ sql ] [ SQL ] SHOW COLUMNS FROM `kb_banner` [ RunTime:0.001749s ]
[ sql ] [ SQL ] SELECT * FROM `kb_banner` WHERE  `status` = '1' ORDER BY `weigh` LIMIT 5 [ RunTime:0.000552s ]
[ sql ] [ SQL ] SHOW COLUMNS FROM `kb_article_category` [ RunTime:0.001392s ]
[ sql ] [ SQL ] SELECT * FROM `kb_article_category` ORDER BY `id` [ RunTime:0.000409s ]
[ sql ] [ SQL ] SHOW COLUMNS FROM `kb_article_tag` [ RunTime:0.001416s ]
[ sql ] [ SQL ] SELECT * FROM `kb_article_tag` ORDER BY `id` [ RunTime:0.000527s ]
[ sql ] [ SQL ] SHOW COLUMNS FROM `kb_article` [ RunTime:0.001460s ]
[ sql ] [ SQL ] SELECT * FROM `kb_article` ORDER BY `id` LIMIT 3 [ RunTime:0.000489s ]
---------------------------------------------------------------
[ 2018-11-05T22:00:25+08:00 ] 127.0.0.1 GET www.kingblogphp.com/admin/auth/rule?addtabs=1
[ sql ] [ DB ] CONNECT:[ UseTime:0.001732s ] mysql:host=127.0.0.1;dbname=kingblogphp;charset=utf8
[ sql ] [ SQL ] SHOW COLUMNS FROM `kb_auth_group_access` [ RunTime:0.001785s ]
[ sql ] [ SQL ] SELECT `aga`.`uid`,`aga`.`group_id`,`ag`.`id`,`ag`.`pid`,`ag`.`name`,`ag`.`rules` FROM `kb_auth_group_access` `aga` LEFT JOIN `kb_auth_group` `ag` ON `aga`.`group_id`=`ag`.`id` WHERE  (  aga.uid='1' and ag.status='normal' ) [ RunTime:0.001213s ]
[ sql ] [ SQL ] SHOW COLUMNS FROM `kb_auth_rule` [ RunTime:0.001507s ]
[ sql ] [ SQL ] SELECT `id`,`pid`,`condition`,`icon`,`name`,`title`,`ismenu` FROM `kb_auth_rule` WHERE  `status` = 'normal' [ RunTime:0.001059s ]
[ sql ] [ SQL ] SELECT * FROM `kb_auth_rule` ORDER BY `weigh` DESC [ RunTime:0.021894s ]
[ sql ] [ SQL ] SELECT `title`,`remark` FROM `kb_auth_rule` WHERE  `name` = 'auth/rule' LIMIT 1 [ RunTime:0.000621s ]
---------------------------------------------------------------
[ 2018-11-05T22:00:25+08:00 ] 127.0.0.1 GET www.kingblogphp.com/admin/auth/rule/index?sort=weigh&order=desc&_=1541426425431
[ sql ] [ DB ] CONNECT:[ UseTime:0.001741s ] mysql:host=127.0.0.1;dbname=kingblogphp;charset=utf8
[ sql ] [ SQL ] SHOW COLUMNS FROM `kb_auth_group_access` [ RunTime:0.001942s ]
[ sql ] [ SQL ] SELECT `aga`.`uid`,`aga`.`group_id`,`ag`.`id`,`ag`.`pid`,`ag`.`name`,`ag`.`rules` FROM `kb_auth_group_access` `aga` LEFT JOIN `kb_auth_group` `ag` ON `aga`.`group_id`=`ag`.`id` WHERE  (  aga.uid='1' and ag.status='normal' ) [ RunTime:0.001255s ]
[ sql ] [ SQL ] SHOW COLUMNS FROM `kb_auth_rule` [ RunTime:0.002344s ]
[ sql ] [ SQL ] SELECT `id`,`pid`,`condition`,`icon`,`name`,`title`,`ismenu` FROM `kb_auth_rule` WHERE  `status` = 'normal' [ RunTime:0.001171s ]
[ sql ] [ SQL ] SELECT * FROM `kb_auth_rule` ORDER BY `weigh` DESC [ RunTime:0.001455s ]
---------------------------------------------------------------
[ 2018-11-05T22:00:39+08:00 ] 127.0.0.1 GET www.kingblogphp.com/admin/auth/rule/edit/ids/138?dialog=1
[ sql ] [ DB ] CONNECT:[ UseTime:0.001939s ] mysql:host=127.0.0.1;dbname=kingblogphp;charset=utf8
[ sql ] [ SQL ] SHOW COLUMNS FROM `kb_auth_group_access` [ RunTime:0.001562s ]
[ sql ] [ SQL ] SELECT `aga`.`uid`,`aga`.`group_id`,`ag`.`id`,`ag`.`pid`,`ag`.`name`,`ag`.`rules` FROM `kb_auth_group_access` `aga` LEFT JOIN `kb_auth_group` `ag` ON `aga`.`group_id`=`ag`.`id` WHERE  (  aga.uid='1' and ag.status='normal' ) [ RunTime:0.001380s ]
[ sql ] [ SQL ] SHOW COLUMNS FROM `kb_auth_rule` [ RunTime:0.002172s ]
[ sql ] [ SQL ] SELECT `id`,`pid`,`condition`,`icon`,`name`,`title`,`ismenu` FROM `kb_auth_rule` WHERE  `status` = 'normal' [ RunTime:0.001543s ]
[ sql ] [ SQL ] SELECT * FROM `kb_auth_rule` ORDER BY `weigh` DESC [ RunTime:0.001491s ]
[ sql ] [ SQL ] SELECT * FROM `kb_auth_rule` WHERE  `id` = 138 LIMIT 1 [ RunTime:0.013968s ]
---------------------------------------------------------------
[ 2018-11-05T22:05:23+08:00 ] 127.0.0.1 GET www.kingblogphp.com/
[ sql ] [ DB ] CONNECT:[ UseTime:0.001849s ] mysql:host=127.0.0.1;dbname=kingblogphp;charset=utf8
[ sql ] [ SQL ] SHOW COLUMNS FROM `kb_banner` [ RunTime:0.002070s ]
[ sql ] [ SQL ] SELECT * FROM `kb_banner` WHERE  `status` = '1' ORDER BY `weigh` LIMIT 5 [ RunTime:0.000739s ]
[ sql ] [ SQL ] SHOW COLUMNS FROM `kb_article_category` [ RunTime:0.001800s ]
[ sql ] [ SQL ] SELECT * FROM `kb_article_category` ORDER BY `id` [ RunTime:0.000385s ]
[ sql ] [ SQL ] SHOW COLUMNS FROM `kb_article_tag` [ RunTime:0.001420s ]
[ sql ] [ SQL ] SELECT * FROM `kb_article_tag` ORDER BY `id` [ RunTime:0.000437s ]
[ sql ] [ SQL ] SHOW COLUMNS FROM `kb_article` [ RunTime:0.002195s ]
[ sql ] [ SQL ] SELECT * FROM `kb_article` ORDER BY `id` LIMIT 3 [ RunTime:0.000522s ]
---------------------------------------------------------------
[ 2018-11-05T22:06:03+08:00 ] 127.0.0.1 GET www.kingblogphp.com/
[ sql ] [ DB ] CONNECT:[ UseTime:0.002830s ] mysql:host=127.0.0.1;dbname=kingblogphp;charset=utf8
[ sql ] [ SQL ] SHOW COLUMNS FROM `kb_banner` [ RunTime:0.002818s ]
[ sql ] [ SQL ] SELECT * FROM `kb_banner` WHERE  `status` = '1' ORDER BY `weigh` LIMIT 5 [ RunTime:0.000764s ]
[ sql ] [ SQL ] SHOW COLUMNS FROM `kb_article_category` [ RunTime:0.001685s ]
[ sql ] [ SQL ] SELECT * FROM `kb_article_category` ORDER BY `id` [ RunTime:0.000399s ]
[ sql ] [ SQL ] SHOW COLUMNS FROM `kb_article_tag` [ RunTime:0.001469s ]
[ sql ] [ SQL ] SELECT * FROM `kb_article_tag` ORDER BY `id` [ RunTime:0.000364s ]
[ sql ] [ SQL ] SHOW COLUMNS FROM `kb_article` [ RunTime:0.001418s ]
[ sql ] [ SQL ] SELECT * FROM `kb_article` ORDER BY `id` LIMIT 3 [ RunTime:0.000454s ]
---------------------------------------------------------------
[ 2018-11-05T22:07:08+08:00 ] 127.0.0.1 GET www.kingblogphp.com/
[ sql ] [ DB ] CONNECT:[ UseTime:0.005108s ] mysql:host=127.0.0.1;dbname=kingblogphp;charset=utf8
[ sql ] [ SQL ] SHOW COLUMNS FROM `kb_banner` [ RunTime:0.002681s ]
[ sql ] [ SQL ] SELECT * FROM `kb_banner` WHERE  `status` = '1' ORDER BY `weigh` LIMIT 5 [ RunTime:0.000518s ]
[ sql ] [ SQL ] SHOW COLUMNS FROM `kb_article_category` [ RunTime:0.001425s ]
[ sql ] [ SQL ] SELECT * FROM `kb_article_category` ORDER BY `id` [ RunTime:0.000368s ]
[ sql ] [ SQL ] SHOW COLUMNS FROM `kb_article_tag` [ RunTime:0.002053s ]
[ sql ] [ SQL ] SELECT * FROM `kb_article_tag` ORDER BY `id` [ RunTime:0.000350s ]
[ sql ] [ SQL ] SHOW COLUMNS FROM `kb_article` [ RunTime:0.001645s ]
[ sql ] [ SQL ] SELECT * FROM `kb_article` ORDER BY `id` LIMIT 3 [ RunTime:0.000548s ]
---------------------------------------------------------------
[ 2018-11-05T22:07:31+08:00 ] 127.0.0.1 GET www.kingblogphp.com/
[ sql ] [ DB ] CONNECT:[ UseTime:0.002216s ] mysql:host=127.0.0.1;dbname=kingblogphp;charset=utf8
[ sql ] [ SQL ] SHOW COLUMNS FROM `kb_banner` [ RunTime:0.001793s ]
[ sql ] [ SQL ] SELECT * FROM `kb_banner` WHERE  `status` = '1' ORDER BY `weigh` LIMIT 5 [ RunTime:0.000543s ]
[ sql ] [ SQL ] SHOW COLUMNS FROM `kb_article_category` [ RunTime:0.001529s ]
[ sql ] [ SQL ] SELECT * FROM `kb_article_category` ORDER BY `id` [ RunTime:0.000525s ]
[ sql ] [ SQL ] SHOW COLUMNS FROM `kb_article_tag` [ RunTime:0.001455s ]
[ sql ] [ SQL ] SELECT * FROM `kb_article_tag` ORDER BY `id` [ RunTime:0.000416s ]
[ sql ] [ SQL ] SHOW COLUMNS FROM `kb_article` [ RunTime:0.002468s ]
[ sql ] [ SQL ] SELECT * FROM `kb_article` ORDER BY `id` LIMIT 3 [ RunTime:0.000537s ]
---------------------------------------------------------------
[ 2018-11-05T22:07:38+08:00 ] 127.0.0.1 GET www.kingblogphp.com/
[ sql ] [ DB ] CONNECT:[ UseTime:0.002742s ] mysql:host=127.0.0.1;dbname=kingblogphp;charset=utf8
[ sql ] [ SQL ] SHOW COLUMNS FROM `kb_banner` [ RunTime:0.002099s ]
[ sql ] [ SQL ] SELECT * FROM `kb_banner` WHERE  `status` = '1' ORDER BY `weigh` LIMIT 5 [ RunTime:0.000521s ]
[ sql ] [ SQL ] SHOW COLUMNS FROM `kb_article_category` [ RunTime:0.001390s ]
[ sql ] [ SQL ] SELECT * FROM `kb_article_category` ORDER BY `id` [ RunTime:0.000361s ]
[ sql ] [ SQL ] SHOW COLUMNS FROM `kb_article_tag` [ RunTime:0.001410s ]
[ sql ] [ SQL ] SELECT * FROM `kb_article_tag` ORDER BY `id` [ RunTime:0.000334s ]
[ sql ] [ SQL ] SHOW COLUMNS FROM `kb_article` [ RunTime:0.001481s ]
[ sql ] [ SQL ] SELECT * FROM `kb_article` ORDER BY `id` LIMIT 3 [ RunTime:0.000392s ]
---------------------------------------------------------------
[ 2018-11-05T22:08:10+08:00 ] 127.0.0.1 GET www.kingblogphp.com/
[ sql ] [ DB ] CONNECT:[ UseTime:0.001886s ] mysql:host=127.0.0.1;dbname=kingblogphp;charset=utf8
[ sql ] [ SQL ] SHOW COLUMNS FROM `kb_banner` [ RunTime:0.002292s ]
[ sql ] [ SQL ] SELECT * FROM `kb_banner` WHERE  `status` = '1' ORDER BY `weigh` LIMIT 5 [ RunTime:0.000619s ]
[ sql ] [ SQL ] SHOW COLUMNS FROM `kb_article_category` [ RunTime:0.001512s ]
[ sql ] [ SQL ] SELECT * FROM `kb_article_category` ORDER BY `id` [ RunTime:0.000363s ]
[ sql ] [ SQL ] SHOW COLUMNS FROM `kb_article_tag` [ RunTime:0.001359s ]
[ sql ] [ SQL ] SELECT * FROM `kb_article_tag` ORDER BY `id` [ RunTime:0.000314s ]
[ sql ] [ SQL ] SHOW COLUMNS FROM `kb_article` [ RunTime:0.001372s ]
[ sql ] [ SQL ] SELECT * FROM `kb_article` ORDER BY `id` LIMIT 3 [ RunTime:0.000362s ]
---------------------------------------------------------------
[ 2018-11-05T22:08:17+08:00 ] 127.0.0.1 GET www.kingblogphp.com/index/blog/bloginfo/id/3
[ sql ] [ DB ] CONNECT:[ UseTime:0.001969s ] mysql:host=127.0.0.1;dbname=kingblogphp;charset=utf8
[ sql ] [ SQL ] SHOW COLUMNS FROM `kb_article_category` [ RunTime:0.001937s ]
[ sql ] [ SQL ] SELECT * FROM `kb_article_category` ORDER BY `id` [ RunTime:0.000535s ]
[ sql ] [ SQL ] SHOW COLUMNS FROM `kb_article` [ RunTime:0.001609s ]
[ sql ] [ SQL ] SELECT * FROM `kb_article` WHERE  `id` = 3 LIMIT 1 [ RunTime:0.000590s ]
[ sql ] [ SQL ] SELECT * FROM `kb_article_category` WHERE  `id` = 1 LIMIT 1 [ RunTime:0.000418s ]
[ sql ] [ SQL ] SHOW COLUMNS FROM `kb_article_tag` [ RunTime:0.001597s ]
[ sql ] [ SQL ] SELECT * FROM `kb_article_tag` WHERE  `id` = 1 LIMIT 1 [ RunTime:0.000376s ]
[ sql ] [ SQL ] SELECT * FROM `kb_article_tag` ORDER BY `id` [ RunTime:0.000378s ]
[ sql ] [ SQL ] SELECT * FROM `kb_article` ORDER BY `id` LIMIT 5 [ RunTime:0.000470s ]
---------------------------------------------------------------
[ 2018-11-05T22:18:04+08:00 ] 127.0.0.1 GET www.kingblogphp.com/index/index
[ sql ] [ DB ] CONNECT:[ UseTime:0.003586s ] mysql:host=127.0.0.1;dbname=kingblogphp;charset=utf8
[ sql ] [ SQL ] SHOW COLUMNS FROM `kb_banner` [ RunTime:0.002512s ]
[ sql ] [ SQL ] SELECT * FROM `kb_banner` WHERE  `status` = '1' ORDER BY `weigh` LIMIT 5 [ RunTime:0.000668s ]
[ sql ] [ SQL ] SHOW COLUMNS FROM `kb_article_category` [ RunTime:0.002064s ]
[ sql ] [ SQL ] SELECT * FROM `kb_article_category` ORDER BY `id` [ RunTime:0.000504s ]
[ sql ] [ SQL ] SHOW COLUMNS FROM `kb_article_tag` [ RunTime:0.002818s ]
[ sql ] [ SQL ] SELECT * FROM `kb_article_tag` ORDER BY `id` [ RunTime:0.000532s ]
[ sql ] [ SQL ] SHOW COLUMNS FROM `kb_article` [ RunTime:0.002161s ]
[ sql ] [ SQL ] SELECT * FROM `kb_article` ORDER BY `id` LIMIT 3 [ RunTime:0.000590s ]
---------------------------------------------------------------
[ 2018-11-05T22:30:10+08:00 ] 127.0.0.1 GET www.kingblogphp.com/index/index
[ sql ] [ DB ] CONNECT:[ UseTime:0.002652s ] mysql:host=127.0.0.1;dbname=kingblogphp;charset=utf8
[ sql ] [ SQL ] SHOW COLUMNS FROM `kb_banner` [ RunTime:0.002376s ]
[ sql ] [ SQL ] SELECT * FROM `kb_banner` WHERE  `status` = '1' ORDER BY `weigh` LIMIT 5 [ RunTime:0.002405s ]
[ sql ] [ SQL ] SHOW COLUMNS FROM `kb_article_category` [ RunTime:0.001905s ]
[ sql ] [ SQL ] SELECT * FROM `kb_article_category` ORDER BY `id` [ RunTime:0.000549s ]
[ sql ] [ SQL ] SHOW COLUMNS FROM `kb_article_tag` [ RunTime:0.001845s ]
[ sql ] [ SQL ] SELECT * FROM `kb_article_tag` ORDER BY `id` [ RunTime:0.000446s ]
[ sql ] [ SQL ] SHOW COLUMNS FROM `kb_article` [ RunTime:0.001924s ]
[ sql ] [ SQL ] SELECT * FROM `kb_article` ORDER BY `id` LIMIT 3 [ RunTime:0.000519s ]
---------------------------------------------------------------
[ 2018-11-05T22:31:46+08:00 ] 127.0.0.1 GET www.kingblogphp.com/index/index
[ sql ] [ DB ] CONNECT:[ UseTime:0.002116s ] mysql:host=127.0.0.1;dbname=kingblogphp;charset=utf8
[ sql ] [ SQL ] SHOW COLUMNS FROM `kb_banner` [ RunTime:0.001796s ]
[ sql ] [ SQL ] SELECT * FROM `kb_banner` WHERE  `status` = '1' ORDER BY `weigh` LIMIT 5 [ RunTime:0.000649s ]
[ sql ] [ SQL ] SHOW COLUMNS FROM `kb_article_category` [ RunTime:0.002269s ]
[ sql ] [ SQL ] SELECT * FROM `kb_article_category` ORDER BY `id` [ RunTime:0.001086s ]
[ sql ] [ SQL ] SHOW COLUMNS FROM `kb_article_tag` [ RunTime:0.002298s ]
[ sql ] [ SQL ] SELECT * FROM `kb_article_tag` ORDER BY `id` [ RunTime:0.000565s ]
[ sql ] [ SQL ] SHOW COLUMNS FROM `kb_article` [ RunTime:0.002135s ]
[ sql ] [ SQL ] SELECT * FROM `kb_article` ORDER BY `id` LIMIT 3 [ RunTime:0.000558s ]
---------------------------------------------------------------
[ 2018-11-05T22:32:00+08:00 ] 127.0.0.1 GET www.kingblogphp.com/index/index
[ sql ] [ DB ] CONNECT:[ UseTime:0.002324s ] mysql:host=127.0.0.1;dbname=kingblogphp;charset=utf8
[ sql ] [ SQL ] SHOW COLUMNS FROM `kb_banner` [ RunTime:0.002167s ]
[ sql ] [ SQL ] SELECT * FROM `kb_banner` WHERE  `status` = '1' ORDER BY `weigh` LIMIT 5 [ RunTime:0.001698s ]
[ sql ] [ SQL ] SHOW COLUMNS FROM `kb_article_category` [ RunTime:0.002258s ]
[ sql ] [ SQL ] SELECT * FROM `kb_article_category` ORDER BY `id` [ RunTime:0.000532s ]
[ sql ] [ SQL ] SHOW COLUMNS FROM `kb_article_tag` [ RunTime:0.001474s ]
[ sql ] [ SQL ] SELECT * FROM `kb_article_tag` ORDER BY `id` [ RunTime:0.000388s ]
[ sql ] [ SQL ] SHOW COLUMNS FROM `kb_article` [ RunTime:0.001999s ]
[ sql ] [ SQL ] SELECT * FROM `kb_article` ORDER BY `id` LIMIT 3 [ RunTime:0.000533s ]
---------------------------------------------------------------
[ 2018-11-05T22:32:53+08:00 ] 127.0.0.1 GET www.kingblogphp.com/index/index
[ sql ] [ DB ] CONNECT:[ UseTime:0.001958s ] mysql:host=127.0.0.1;dbname=kingblogphp;charset=utf8
[ sql ] [ SQL ] SHOW COLUMNS FROM `kb_banner` [ RunTime:0.001712s ]
[ sql ] [ SQL ] SELECT * FROM `kb_banner` WHERE  `status` = '1' ORDER BY `weigh` LIMIT 5 [ RunTime:0.000578s ]
[ sql ] [ SQL ] SHOW COLUMNS FROM `kb_article_category` [ RunTime:0.001441s ]
[ sql ] [ SQL ] SELECT * FROM `kb_article_category` ORDER BY `id` [ RunTime:0.000367s ]
[ sql ] [ SQL ] SHOW COLUMNS FROM `kb_article_tag` [ RunTime:0.001485s ]
[ sql ] [ SQL ] SELECT * FROM `kb_article_tag` ORDER BY `id` [ RunTime:0.000561s ]
[ sql ] [ SQL ] SHOW COLUMNS FROM `kb_article` [ RunTime:0.001389s ]
[ sql ] [ SQL ] SELECT * FROM `kb_article` ORDER BY `id` LIMIT 3 [ RunTime:0.000449s ]
---------------------------------------------------------------
[ 2018-11-05T22:33:03+08:00 ] 127.0.0.1 GET www.kingblogphp.com/index/index
[ sql ] [ DB ] CONNECT:[ UseTime:0.002089s ] mysql:host=127.0.0.1;dbname=kingblogphp;charset=utf8
[ sql ] [ SQL ] SHOW COLUMNS FROM `kb_banner` [ RunTime:0.000998s ]
[ sql ] [ SQL ] SELECT * FROM `kb_banner` WHERE  `status` = '1' ORDER BY `weigh` LIMIT 5 [ RunTime:0.000539s ]
[ sql ] [ SQL ] SHOW COLUMNS FROM `kb_article_category` [ RunTime:0.000699s ]
[ sql ] [ SQL ] SELECT * FROM `kb_article_category` ORDER BY `id` [ RunTime:0.000367s ]
[ sql ] [ SQL ] SHOW COLUMNS FROM `kb_article_tag` [ RunTime:0.000664s ]
[ sql ] [ SQL ] SELECT * FROM `kb_article_tag` ORDER BY `id` [ RunTime:0.000383s ]
[ sql ] [ SQL ] SHOW COLUMNS FROM `kb_article` [ RunTime:0.001075s ]
[ sql ] [ SQL ] SELECT * FROM `kb_article` ORDER BY `id` LIMIT 3 [ RunTime:0.000554s ]
---------------------------------------------------------------
[ 2018-11-05T22:38:17+08:00 ] 127.0.0.1 GET www.kingblogphp.com/index/index
[ sql ] [ DB ] CONNECT:[ UseTime:0.002595s ] mysql:host=127.0.0.1;dbname=kingblogphp;charset=utf8
[ sql ] [ SQL ] SHOW COLUMNS FROM `kb_banner` [ RunTime:0.002167s ]
[ sql ] [ SQL ] SELECT * FROM `kb_banner` WHERE  `status` = '1' ORDER BY `weigh` LIMIT 5 [ RunTime:0.000572s ]
[ sql ] [ SQL ] SHOW COLUMNS FROM `kb_article_category` [ RunTime:0.002178s ]
[ sql ] [ SQL ] SELECT * FROM `kb_article_category` ORDER BY `id` [ RunTime:0.000617s ]
[ sql ] [ SQL ] SHOW COLUMNS FROM `kb_article_tag` [ RunTime:0.002083s ]
[ sql ] [ SQL ] SELECT * FROM `kb_article_tag` ORDER BY `id` [ RunTime:0.000595s ]
[ sql ] [ SQL ] SHOW COLUMNS FROM `kb_article` [ RunTime:0.001983s ]
[ sql ] [ SQL ] SELECT * FROM `kb_article` ORDER BY `id` LIMIT 3 [ RunTime:0.000462s ]
---------------------------------------------------------------
[ 2018-11-05T22:40:58+08:00 ] 127.0.0.1 GET www.kingblogphp.com/index/index
[ sql ] [ DB ] CONNECT:[ UseTime:0.002378s ] mysql:host=127.0.0.1;dbname=kingblogphp;charset=utf8
[ sql ] [ SQL ] SHOW COLUMNS FROM `kb_banner` [ RunTime:0.001269s ]
[ sql ] [ SQL ] SELECT * FROM `kb_banner` WHERE  `status` = '1' ORDER BY `weigh` LIMIT 5 [ RunTime:0.000915s ]
[ sql ] [ SQL ] SHOW COLUMNS FROM `kb_article_category` [ RunTime:0.001047s ]
[ sql ] [ SQL ] SELECT * FROM `kb_article_category` ORDER BY `id` [ RunTime:0.000507s ]
[ sql ] [ SQL ] SHOW COLUMNS FROM `kb_article_tag` [ RunTime:0.000867s ]
[ sql ] [ SQL ] SELECT * FROM `kb_article_tag` ORDER BY `id` [ RunTime:0.000438s ]
[ sql ] [ SQL ] SHOW COLUMNS FROM `kb_article` [ RunTime:0.000738s ]
[ sql ] [ SQL ] SELECT * FROM `kb_article` ORDER BY `id` LIMIT 3 [ RunTime:0.000451s ]
---------------------------------------------------------------
[ 2018-11-05T22:42:24+08:00 ] 127.0.0.1 GET www.kingblogphp.com/index/index
[ sql ] [ DB ] CONNECT:[ UseTime:0.002398s ] mysql:host=127.0.0.1;dbname=kingblogphp;charset=utf8
[ sql ] [ SQL ] SHOW COLUMNS FROM `kb_banner` [ RunTime:0.003028s ]
[ sql ] [ SQL ] SELECT * FROM `kb_banner` WHERE  `status` = '1' ORDER BY `weigh` LIMIT 5 [ RunTime:0.000810s ]
[ sql ] [ SQL ] SHOW COLUMNS FROM `kb_article_category` [ RunTime:0.001055s ]
[ sql ] [ SQL ] SELECT * FROM `kb_article_category` ORDER BY `id` [ RunTime:0.000496s ]
[ sql ] [ SQL ] SHOW COLUMNS FROM `kb_article_tag` [ RunTime:0.000812s ]
[ sql ] [ SQL ] SELECT * FROM `kb_article_tag` ORDER BY `id` [ RunTime:0.000566s ]
[ sql ] [ SQL ] SHOW COLUMNS FROM `kb_article` [ RunTime:0.000814s ]
[ sql ] [ SQL ] SELECT * FROM `kb_article` ORDER BY `id` LIMIT 3 [ RunTime:0.000524s ]
[ error ] [0]类的属性不存在:app\admin\model\article\Article->createday
---------------------------------------------------------------
[ 2018-11-05T22:45:14+08:00 ] 127.0.0.1 GET www.kingblogphp.com/index/index
[ sql ] [ DB ] CONNECT:[ UseTime:0.002438s ] mysql:host=127.0.0.1;dbname=kingblogphp;charset=utf8
[ sql ] [ SQL ] SHOW COLUMNS FROM `kb_banner` [ RunTime:0.001082s ]
[ sql ] [ SQL ] SELECT * FROM `kb_banner` WHERE  `status` = '1' ORDER BY `weigh` LIMIT 5 [ RunTime:0.000551s ]
[ sql ] [ SQL ] SHOW COLUMNS FROM `kb_article_category` [ RunTime:0.000726s ]
[ sql ] [ SQL ] SELECT * FROM `kb_article_category` ORDER BY `id` [ RunTime:0.000532s ]
[ sql ] [ SQL ] SHOW COLUMNS FROM `kb_article_tag` [ RunTime:0.001927s ]
[ sql ] [ SQL ] SELECT * FROM `kb_article_tag` ORDER BY `id` [ RunTime:0.000568s ]
[ sql ] [ SQL ] SHOW COLUMNS FROM `kb_article` [ RunTime:0.000918s ]
[ sql ] [ SQL ] SELECT * FROM `kb_article` ORDER BY `id` LIMIT 3 [ RunTime:0.000462s ]
[ error ] [8]A non well formed numeric value encountered
---------------------------------------------------------------
[ 2018-11-05T22:45:20+08:00 ] 127.0.0.1 GET www.kingblogphp.com/index/index
[ sql ] [ DB ] CONNECT:[ UseTime:0.001716s ] mysql:host=127.0.0.1;dbname=kingblogphp;charset=utf8
[ sql ] [ SQL ] SHOW COLUMNS FROM `kb_banner` [ RunTime:0.000992s ]
[ sql ] [ SQL ] SELECT * FROM `kb_banner` WHERE  `status` = '1' ORDER BY `weigh` LIMIT 5 [ RunTime:0.000621s ]
[ sql ] [ SQL ] SHOW COLUMNS FROM `kb_article_category` [ RunTime:0.000890s ]
[ sql ] [ SQL ] SELECT * FROM `kb_article_category` ORDER BY `id` [ RunTime:0.000524s ]
[ sql ] [ SQL ] SHOW COLUMNS FROM `kb_article_tag` [ RunTime:0.001107s ]
[ sql ] [ SQL ] SELECT * FROM `kb_article_tag` ORDER BY `id` [ RunTime:0.000542s ]
[ sql ] [ SQL ] SHOW COLUMNS FROM `kb_article` [ RunTime:0.001062s ]
[ sql ] [ SQL ] SELECT * FROM `kb_article` ORDER BY `id` LIMIT 3 [ RunTime:0.001885s ]
[ error ] [8]A non well formed numeric value encountered
---------------------------------------------------------------
[ 2018-11-05T22:46:10+08:00 ] 127.0.0.1 GET www.kingblogphp.com/index/index
[ sql ] [ DB ] CONNECT:[ UseTime:0.001926s ] mysql:host=127.0.0.1;dbname=kingblogphp;charset=utf8
[ sql ] [ SQL ] SHOW COLUMNS FROM `kb_banner` [ RunTime:0.000863s ]
[ sql ] [ SQL ] SELECT * FROM `kb_banner` WHERE  `status` = '1' ORDER BY `weigh` LIMIT 5 [ RunTime:0.000627s ]
[ sql ] [ SQL ] SHOW COLUMNS FROM `kb_article_category` [ RunTime:0.001188s ]
[ sql ] [ SQL ] SELECT * FROM `kb_article_category` ORDER BY `id` [ RunTime:0.000375s ]
[ sql ] [ SQL ] SHOW COLUMNS FROM `kb_article_tag` [ RunTime:0.000650s ]
[ sql ] [ SQL ] SELECT * FROM `kb_article_tag` ORDER BY `id` [ RunTime:0.000384s ]
[ sql ] [ SQL ] SHOW COLUMNS FROM `kb_article` [ RunTime:0.000669s ]
[ sql ] [ SQL ] SELECT * FROM `kb_article` ORDER BY `id` LIMIT 3 [ RunTime:0.000479s ]
[ error ] [8]A non well formed numeric value encountered
---------------------------------------------------------------
[ 2018-11-05T22:47:55+08:00 ] 127.0.0.1 GET www.kingblogphp.com/index/index
[ sql ] [ DB ] CONNECT:[ UseTime:0.001832s ] mysql:host=127.0.0.1;dbname=kingblogphp;charset=utf8
[ sql ] [ SQL ] SHOW COLUMNS FROM `kb_banner` [ RunTime:0.000793s ]
[ sql ] [ SQL ] SELECT * FROM `kb_banner` WHERE  `status` = '1' ORDER BY `weigh` LIMIT 5 [ RunTime:0.000668s ]
[ sql ] [ SQL ] SHOW COLUMNS FROM `kb_article_category` [ RunTime:0.000815s ]
[ sql ] [ SQL ] SELECT * FROM `kb_article_category` ORDER BY `id` [ RunTime:0.000376s ]
[ sql ] [ SQL ] SHOW COLUMNS FROM `kb_article_tag` [ RunTime:0.000675s ]
[ sql ] [ SQL ] SELECT * FROM `kb_article_tag` ORDER BY `id` [ RunTime:0.000413s ]
[ sql ] [ SQL ] SHOW COLUMNS FROM `kb_article` [ RunTime:0.001002s ]
[ sql ] [ SQL ] SELECT * FROM `kb_article` ORDER BY `id` LIMIT 3 [ RunTime:0.001068s ]
---------------------------------------------------------------
[ 2018-11-05T22:48:21+08:00 ] 127.0.0.1 GET www.kingblogphp.com/index/blog/bloginfo/id/3
[ sql ] [ DB ] CONNECT:[ UseTime:0.001555s ] mysql:host=127.0.0.1;dbname=kingblogphp;charset=utf8
[ sql ] [ SQL ] SHOW COLUMNS FROM `kb_article_category` [ RunTime:0.000928s ]
[ sql ] [ SQL ] SELECT * FROM `kb_article_category` ORDER BY `id` [ RunTime:0.000471s ]
[ sql ] [ SQL ] SHOW COLUMNS FROM `kb_article` [ RunTime:0.001216s ]
[ sql ] [ SQL ] SELECT * FROM `kb_article` WHERE  `id` = 3 LIMIT 1 [ RunTime:0.000683s ]
[ sql ] [ SQL ] SELECT * FROM `kb_article_category` WHERE  `id` = 1 LIMIT 1 [ RunTime:0.000402s ]
[ sql ] [ SQL ] SHOW COLUMNS FROM `kb_article_tag` [ RunTime:0.000827s ]
[ sql ] [ SQL ] SELECT * FROM `kb_article_tag` WHERE  `id` = 1 LIMIT 1 [ RunTime:0.000438s ]
[ sql ] [ SQL ] SELECT * FROM `kb_article_tag` ORDER BY `id` [ RunTime:0.000487s ]
[ sql ] [ SQL ] SELECT * FROM `kb_article` ORDER BY `id` LIMIT 5 [ RunTime:0.000646s ]
---------------------------------------------------------------
[ 2018-11-05T22:48:35+08:00 ] 127.0.0.1 GET www.kingblogphp.com/index/index
[ sql ] [ DB ] CONNECT:[ UseTime:0.003725s ] mysql:host=127.0.0.1;dbname=kingblogphp;charset=utf8
[ sql ] [ SQL ] SHOW COLUMNS FROM `kb_banner` [ RunTime:0.001462s ]
[ sql ] [ SQL ] SELECT * FROM `kb_banner` WHERE  `status` = '1' ORDER BY `weigh` LIMIT 5 [ RunTime:0.000700s ]
[ sql ] [ SQL ] SHOW COLUMNS FROM `kb_article_category` [ RunTime:0.000877s ]
[ sql ] [ SQL ] SELECT * FROM `kb_article_category` ORDER BY `id` [ RunTime:0.000438s ]
[ sql ] [ SQL ] SHOW COLUMNS FROM `kb_article_tag` [ RunTime:0.000810s ]
[ sql ] [ SQL ] SELECT * FROM `kb_article_tag` ORDER BY `id` [ RunTime:0.000461s ]
[ sql ] [ SQL ] SHOW COLUMNS FROM `kb_article` [ RunTime:0.000760s ]
[ sql ] [ SQL ] SELECT * FROM `kb_article` ORDER BY `id` LIMIT 3 [ RunTime:0.000439s ]
---------------------------------------------------------------
[ 2018-11-05T22:50:23+08:00 ] 127.0.0.1 GET www.kingblogphp.com/index/index
[ sql ] [ DB ] CONNECT:[ UseTime:0.001906s ] mysql:host=127.0.0.1;dbname=kingblogphp;charset=utf8
[ sql ] [ SQL ] SHOW COLUMNS FROM `kb_banner` [ RunTime:0.001336s ]
[ sql ] [ SQL ] SELECT * FROM `kb_banner` WHERE  `status` = '1' ORDER BY `weigh` LIMIT 5 [ RunTime:0.000504s ]
[ sql ] [ SQL ] SHOW COLUMNS FROM `kb_article_category` [ RunTime:0.000751s ]
[ sql ] [ SQL ] SELECT * FROM `kb_article_category` ORDER BY `id` [ RunTime:0.000410s ]
[ sql ] [ SQL ] SHOW COLUMNS FROM `kb_article_tag` [ RunTime:0.000940s ]
[ sql ] [ SQL ] SELECT * FROM `kb_article_tag` ORDER BY `id` [ RunTime:0.000342s ]
[ sql ] [ SQL ] SHOW COLUMNS FROM `kb_article` [ RunTime:0.000750s ]
[ sql ] [ SQL ] SELECT * FROM `kb_article` ORDER BY `id` LIMIT 3 [ RunTime:0.000415s ]
---------------------------------------------------------------
[ 2018-11-05T22:50:38+08:00 ] 127.0.0.1 GET www.kingblogphp.com/index/index
[ sql ] [ DB ] CONNECT:[ UseTime:0.001551s ] mysql:host=127.0.0.1;dbname=kingblogphp;charset=utf8
[ sql ] [ SQL ] SHOW COLUMNS FROM `kb_banner` [ RunTime:0.000916s ]
[ sql ] [ SQL ] SELECT * FROM `kb_banner` WHERE  `status` = '1' ORDER BY `weigh` LIMIT 5 [ RunTime:0.000481s ]
[ sql ] [ SQL ] SHOW COLUMNS FROM `kb_article_category` [ RunTime:0.000719s ]
[ sql ] [ SQL ] SELECT * FROM `kb_article_category` ORDER BY `id` [ RunTime:0.000331s ]
[ sql ] [ SQL ] SHOW COLUMNS FROM `kb_article_tag` [ RunTime:0.000628s ]
[ sql ] [ SQL ] SELECT * FROM `kb_article_tag` ORDER BY `id` [ RunTime:0.000322s ]
[ sql ] [ SQL ] SHOW COLUMNS FROM `kb_article` [ RunTime:0.001021s ]
[ sql ] [ SQL ] SELECT * FROM `kb_article` ORDER BY `id` LIMIT 3 [ RunTime:0.000430s ]
---------------------------------------------------------------
[ 2018-11-05T22:50:48+08:00 ] 127.0.0.1 GET www.kingblogphp.com/index/index
[ sql ] [ DB ] CONNECT:[ UseTime:0.001915s ] mysql:host=127.0.0.1;dbname=kingblogphp;charset=utf8
[ sql ] [ SQL ] SHOW COLUMNS FROM `kb_banner` [ RunTime:0.000878s ]
[ sql ] [ SQL ] SELECT * FROM `kb_banner` WHERE  `status` = '1' ORDER BY `weigh` LIMIT 5 [ RunTime:0.000652s ]
[ sql ] [ SQL ] SHOW COLUMNS FROM `kb_article_category` [ RunTime:0.000730s ]
[ sql ] [ SQL ] SELECT * FROM `kb_article_category` ORDER BY `id` [ RunTime:0.000416s ]
[ sql ] [ SQL ] SHOW COLUMNS FROM `kb_article_tag` [ RunTime:0.000751s ]
[ sql ] [ SQL ] SELECT * FROM `kb_article_tag` ORDER BY `id` [ RunTime:0.000479s ]
[ sql ] [ SQL ] SHOW COLUMNS FROM `kb_article` [ RunTime:0.000831s ]
[ sql ] [ SQL ] SELECT * FROM `kb_article` ORDER BY `id` LIMIT 3 [ RunTime:0.000592s ]
---------------------------------------------------------------
[ 2018-11-05T22:51:02+08:00 ] 127.0.0.1 GET www.kingblogphp.com/index/index
[ sql ] [ DB ] CONNECT:[ UseTime:0.001588s ] mysql:host=127.0.0.1;dbname=kingblogphp;charset=utf8
[ sql ] [ SQL ] SHOW COLUMNS FROM `kb_banner` [ RunTime:0.000899s ]
[ sql ] [ SQL ] SELECT * FROM `kb_banner` WHERE  `status` = '1' ORDER BY `weigh` LIMIT 5 [ RunTime:0.000508s ]
[ sql ] [ SQL ] SHOW COLUMNS FROM `kb_article_category` [ RunTime:0.000726s ]
[ sql ] [ SQL ] SELECT * FROM `kb_article_category` ORDER BY `id` [ RunTime:0.000451s ]
[ sql ] [ SQL ] SHOW COLUMNS FROM `kb_article_tag` [ RunTime:0.000983s ]
[ sql ] [ SQL ] SELECT * FROM `kb_article_tag` ORDER BY `id` [ RunTime:0.000515s ]
[ sql ] [ SQL ] SHOW COLUMNS FROM `kb_article` [ RunTime:0.000814s ]
[ sql ] [ SQL ] SELECT * FROM `kb_article` ORDER BY `id` LIMIT 3 [ RunTime:0.000638s ]
---------------------------------------------------------------
[ 2018-11-05T22:51:59+08:00 ] 127.0.0.1 GET www.kingblogphp.com/index/index
[ sql ] [ DB ] CONNECT:[ UseTime:0.002943s ] mysql:host=127.0.0.1;dbname=kingblogphp;charset=utf8
[ sql ] [ SQL ] SHOW COLUMNS FROM `kb_banner` [ RunTime:0.004060s ]
[ sql ] [ SQL ] SELECT * FROM `kb_banner` WHERE  `status` = '1' ORDER BY `weigh` LIMIT 5 [ RunTime:0.000936s ]
[ sql ] [ SQL ] SHOW COLUMNS FROM `kb_article_category` [ RunTime:0.000856s ]
[ sql ] [ SQL ] SELECT * FROM `kb_article_category` ORDER BY `id` [ RunTime:0.000372s ]
[ sql ] [ SQL ] SHOW COLUMNS FROM `kb_article_tag` [ RunTime:0.000764s ]
[ sql ] [ SQL ] SELECT * FROM `kb_article_tag` ORDER BY `id` [ RunTime:0.000377s ]
[ sql ] [ SQL ] SHOW COLUMNS FROM `kb_article` [ RunTime:0.000849s ]
[ sql ] [ SQL ] SELECT * FROM `kb_article` ORDER BY `id` LIMIT 3 [ RunTime:0.000668s ]
---------------------------------------------------------------
[ 2018-11-05T22:52:55+08:00 ] 127.0.0.1 GET www.kingblogphp.com/index/index
[ sql ] [ DB ] CONNECT:[ UseTime:0.001835s ] mysql:host=127.0.0.1;dbname=kingblogphp;charset=utf8
[ sql ] [ SQL ] SHOW COLUMNS FROM `kb_banner` [ RunTime:0.001054s ]
[ sql ] [ SQL ] SELECT * FROM `kb_banner` WHERE  `status` = '1' ORDER BY `weigh` LIMIT 5 [ RunTime:0.000572s ]
[ sql ] [ SQL ] SHOW COLUMNS FROM `kb_article_category` [ RunTime:0.000797s ]
[ sql ] [ SQL ] SELECT * FROM `kb_article_category` ORDER BY `id` [ RunTime:0.000457s ]
[ sql ] [ SQL ] SHOW COLUMNS FROM `kb_article_tag` [ RunTime:0.001145s ]
[ sql ] [ SQL ] SELECT * FROM `kb_article_tag` ORDER BY `id` [ RunTime:0.000481s ]
[ sql ] [ SQL ] SHOW COLUMNS FROM `kb_article` [ RunTime:0.000812s ]
[ sql ] [ SQL ] SELECT * FROM `kb_article` ORDER BY `id` LIMIT 3 [ RunTime:0.000527s ]
---------------------------------------------------------------
[ 2018-11-05T23:00:41+08:00 ] 127.0.0.1 GET www.kingblogphp.com/admin/user/user?addtabs=1
[ sql ] [ DB ] CONNECT:[ UseTime:0.002970s ] mysql:host=127.0.0.1;dbname=kingblogphp;charset=utf8
[ sql ] [ SQL ] SHOW COLUMNS FROM `kb_auth_group_access` [ RunTime:0.003274s ]
[ sql ] [ SQL ] SELECT `aga`.`uid`,`aga`.`group_id`,`ag`.`id`,`ag`.`pid`,`ag`.`name`,`ag`.`rules` FROM `kb_auth_group_access` `aga` LEFT JOIN `kb_auth_group` `ag` ON `aga`.`group_id`=`ag`.`id` WHERE  (  aga.uid='1' and ag.status='normal' ) [ RunTime:0.002606s ]
[ sql ] [ SQL ] SHOW COLUMNS FROM `kb_auth_rule` [ RunTime:0.002620s ]
[ sql ] [ SQL ] SELECT `id`,`pid`,`condition`,`icon`,`name`,`title`,`ismenu` FROM `kb_auth_rule` WHERE  `status` = 'normal' [ RunTime:0.001966s ]
[ sql ] [ SQL ] SELECT `title`,`remark` FROM `kb_auth_rule` WHERE  `name` = 'user/user' LIMIT 1 [ RunTime:0.000711s ]
---------------------------------------------------------------
[ 2018-11-05T23:00:42+08:00 ] 127.0.0.1 GET www.kingblogphp.com/admin/user/user/index?sort=user.id&order=desc&offset=0&limit=10&filter=%7B%7D&op=%7B%7D&_=1541430041722
[ sql ] [ DB ] CONNECT:[ UseTime:0.001694s ] mysql:host=127.0.0.1;dbname=kingblogphp;charset=utf8
[ sql ] [ SQL ] SHOW COLUMNS FROM `kb_auth_group_access` [ RunTime:0.001076s ]
[ sql ] [ SQL ] SELECT `aga`.`uid`,`aga`.`group_id`,`ag`.`id`,`ag`.`pid`,`ag`.`name`,`ag`.`rules` FROM `kb_auth_group_access` `aga` LEFT JOIN `kb_auth_group` `ag` ON `aga`.`group_id`=`ag`.`id` WHERE  (  aga.uid='1' and ag.status='normal' ) [ RunTime:0.000687s ]
[ sql ] [ SQL ] SHOW COLUMNS FROM `kb_auth_rule` [ RunTime:0.000892s ]
[ sql ] [ SQL ] SELECT `id`,`pid`,`condition`,`icon`,`name`,`title`,`ismenu` FROM `kb_auth_rule` WHERE  `status` = 'normal' [ RunTime:0.001245s ]
[ sql ] [ SQL ] SHOW COLUMNS FROM `kb_user` [ RunTime:0.055340s ]
[ sql ] [ SQL ] SHOW COLUMNS FROM `kb_user_group` [ RunTime:0.030165s ]
[ sql ] [ SQL ] SELECT COUNT(*) AS tp_count FROM `kb_user` `user` LEFT JOIN `kb_user_group` `group` ON `user`.`group_id`=`group`.`id` ORDER BY `user`.`id` DESC LIMIT 1 [ RunTime:0.034715s ]
[ sql ] [ SQL ] SELECT `user`.`id`,`user`.`group_id`,`user`.`username`,`user`.`nickname`,`user`.`password`,`user`.`salt`,`user`.`email`,`user`.`mobile`,`user`.`avatar`,`user`.`level`,`user`.`gender`,`user`.`birthday`,`user`.`bio`,`user`.`score`,`user`.`successions`,`user`.`maxsuccessions`,`user`.`prevtime`,`user`.`logintime`,`user`.`loginip`,`user`.`loginfailure`,`user`.`joinip`,`user`.`jointime`,`user`.`createtime`,`user`.`updatetime`,`user`.`token`,`user`.`status`,`user`.`verification`,group.id AS group__id,group.name AS group__name,group.rules AS group__rules,group.createtime AS group__createtime,group.updatetime AS group__updatetime,group.status AS group__status FROM `kb_user` `user` LEFT JOIN `kb_user_group` `group` ON `user`.`group_id`=`group`.`id` ORDER BY `user`.`id` DESC LIMIT 0,10 [ RunTime:0.000862s ]
---------------------------------------------------------------
[ 2018-11-05T23:00:42+08:00 ] 127.0.0.1 GET www.kingblogphp.com/admin/user/group?addtabs=1
[ sql ] [ DB ] CONNECT:[ UseTime:0.001829s ] mysql:host=127.0.0.1;dbname=kingblogphp;charset=utf8
[ sql ] [ SQL ] SHOW COLUMNS FROM `kb_auth_group_access` [ RunTime:0.001408s ]
[ sql ] [ SQL ] SELECT `aga`.`uid`,`aga`.`group_id`,`ag`.`id`,`ag`.`pid`,`ag`.`name`,`ag`.`rules` FROM `kb_auth_group_access` `aga` LEFT JOIN `kb_auth_group` `ag` ON `aga`.`group_id`=`ag`.`id` WHERE  (  aga.uid='1' and ag.status='normal' ) [ RunTime:0.000774s ]
[ sql ] [ SQL ] SHOW COLUMNS FROM `kb_auth_rule` [ RunTime:0.001310s ]
[ sql ] [ SQL ] SELECT `id`,`pid`,`condition`,`icon`,`name`,`title`,`ismenu` FROM `kb_auth_rule` WHERE  `status` = 'normal' [ RunTime:0.002434s ]
[ sql ] [ SQL ] SELECT `title`,`remark` FROM `kb_auth_rule` WHERE  `name` = 'user/group' LIMIT 1 [ RunTime:0.000876s ]
---------------------------------------------------------------
[ 2018-11-05T23:00:43+08:00 ] 127.0.0.1 GET www.kingblogphp.com/admin/user/group/index?sort=id&order=desc&offset=0&limit=10&filter=%7B%7D&op=%7B%7D&_=1541430042711
[ sql ] [ DB ] CONNECT:[ UseTime:0.001970s ] mysql:host=127.0.0.1;dbname=kingblogphp;charset=utf8
[ sql ] [ SQL ] SHOW COLUMNS FROM `kb_auth_group_access` [ RunTime:0.001169s ]
[ sql ] [ SQL ] SELECT `aga`.`uid`,`aga`.`group_id`,`ag`.`id`,`ag`.`pid`,`ag`.`name`,`ag`.`rules` FROM `kb_auth_group_access` `aga` LEFT JOIN `kb_auth_group` `ag` ON `aga`.`group_id`=`ag`.`id` WHERE  (  aga.uid='1' and ag.status='normal' ) [ RunTime:0.000833s ]
[ sql ] [ SQL ] SHOW COLUMNS FROM `kb_auth_rule` [ RunTime:0.000961s ]
[ sql ] [ SQL ] SELECT `id`,`pid`,`condition`,`icon`,`name`,`title`,`ismenu` FROM `kb_auth_rule` WHERE  `status` = 'normal' [ RunTime:0.001309s ]
[ sql ] [ SQL ] SHOW COLUMNS FROM `kb_user_group` [ RunTime:0.001612s ]
[ sql ] [ SQL ] SELECT COUNT(*) AS tp_count FROM `kb_user_group` ORDER BY `id` DESC LIMIT 1 [ RunTime:0.000280s ]
[ sql ] [ SQL ] SELECT * FROM `kb_user_group` ORDER BY `id` DESC LIMIT 0,10 [ RunTime:0.000300s ]
---------------------------------------------------------------
[ 2018-11-05T23:05:36+08:00 ] 127.0.0.1 GET www.kingblogphp.com/admin/banner/index?sort=weigh&order=desc&offset=0&limit=10&filter=%7B%22status%22%3A%220%22%7D&op=%7B%22status%22%3A%22%3D%22%7D&_=1541426332459
[ sql ] [ DB ] CONNECT:[ UseTime:0.003059s ] mysql:host=127.0.0.1;dbname=kingblogphp;charset=utf8
[ sql ] [ SQL ] SHOW COLUMNS FROM `kb_auth_group_access` [ RunTime:0.002602s ]
[ sql ] [ SQL ] SELECT `aga`.`uid`,`aga`.`group_id`,`ag`.`id`,`ag`.`pid`,`ag`.`name`,`ag`.`rules` FROM `kb_auth_group_access` `aga` LEFT JOIN `kb_auth_group` `ag` ON `aga`.`group_id`=`ag`.`id` WHERE  (  aga.uid='1' and ag.status='normal' ) [ RunTime:0.002411s ]
[ sql ] [ SQL ] SHOW COLUMNS FROM `kb_auth_rule` [ RunTime:0.002575s ]
[ sql ] [ SQL ] SELECT `id`,`pid`,`condition`,`icon`,`name`,`title`,`ismenu` FROM `kb_auth_rule` WHERE  `status` = 'normal' [ RunTime:0.001337s ]
[ sql ] [ SQL ] SHOW COLUMNS FROM `kb_banner` [ RunTime:0.001079s ]
[ sql ] [ SQL ] SELECT COUNT(*) AS tp_count FROM `kb_banner` WHERE  (  `status` = '0' ) ORDER BY `weigh` DESC LIMIT 1 [ RunTime:0.000489s ]
[ sql ] [ SQL ] SELECT * FROM `kb_banner` WHERE  (  `status` = '0' ) ORDER BY `weigh` DESC LIMIT 0,10 [ RunTime:0.000480s ]
---------------------------------------------------------------
[ 2018-11-05T23:05:37+08:00 ] 127.0.0.1 GET www.kingblogphp.com/admin/banner/index?sort=weigh&order=desc&offset=0&limit=10&filter=%7B%22status%22%3A%221%22%7D&op=%7B%22status%22%3A%22%3D%22%7D&_=1541426332460
[ sql ] [ DB ] CONNECT:[ UseTime:0.001756s ] mysql:host=127.0.0.1;dbname=kingblogphp;charset=utf8
[ sql ] [ SQL ] SHOW COLUMNS FROM `kb_auth_group_access` [ RunTime:0.001213s ]
[ sql ] [ SQL ] SELECT `aga`.`uid`,`aga`.`group_id`,`ag`.`id`,`ag`.`pid`,`ag`.`name`,`ag`.`rules` FROM `kb_auth_group_access` `aga` LEFT JOIN `kb_auth_group` `ag` ON `aga`.`group_id`=`ag`.`id` WHERE  (  aga.uid='1' and ag.status='normal' ) [ RunTime:0.000684s ]
[ sql ] [ SQL ] SHOW COLUMNS FROM `kb_auth_rule` [ RunTime:0.000993s ]
[ sql ] [ SQL ] SELECT `id`,`pid`,`condition`,`icon`,`name`,`title`,`ismenu` FROM `kb_auth_rule` WHERE  `status` = 'normal' [ RunTime:0.001215s ]
[ sql ] [ SQL ] SHOW COLUMNS FROM `kb_banner` [ RunTime:0.001045s ]
[ sql ] [ SQL ] SELECT COUNT(*) AS tp_count FROM `kb_banner` WHERE  (  `status` = '1' ) ORDER BY `weigh` DESC LIMIT 1 [ RunTime:0.001218s ]
[ sql ] [ SQL ] SELECT * FROM `kb_banner` WHERE  (  `status` = '1' ) ORDER BY `weigh` DESC LIMIT 0,10 [ RunTime:0.000512s ]
---------------------------------------------------------------
[ 2018-11-05T23:05:39+08:00 ] 127.0.0.1 GET www.kingblogphp.com/admin/category?addtabs=1
[ sql ] [ DB ] CONNECT:[ UseTime:0.008014s ] mysql:host=127.0.0.1;dbname=kingblogphp;charset=utf8
[ sql ] [ SQL ] SHOW COLUMNS FROM `kb_auth_group_access` [ RunTime:0.001153s ]
[ sql ] [ SQL ] SELECT `aga`.`uid`,`aga`.`group_id`,`ag`.`id`,`ag`.`pid`,`ag`.`name`,`ag`.`rules` FROM `kb_auth_group_access` `aga` LEFT JOIN `kb_auth_group` `ag` ON `aga`.`group_id`=`ag`.`id` WHERE  (  aga.uid='1' and ag.status='normal' ) [ RunTime:0.000543s ]
[ sql ] [ SQL ] SHOW COLUMNS FROM `kb_auth_rule` [ RunTime:0.000926s ]
[ sql ] [ SQL ] SELECT `id`,`pid`,`condition`,`icon`,`name`,`title`,`ismenu` FROM `kb_auth_rule` WHERE  `status` = 'normal' [ RunTime:0.001245s ]
[ sql ] [ SQL ] SHOW COLUMNS FROM `kb_category` [ RunTime:0.019015s ]
[ sql ] [ SQL ] SELECT * FROM `kb_category` ORDER BY `weigh` DESC,`id` DESC [ RunTime:0.001073s ]
[ sql ] [ SQL ] SELECT `title`,`remark` FROM `kb_auth_rule` WHERE  `name` = 'category' LIMIT 1 [ RunTime:0.000872s ]
---------------------------------------------------------------
[ 2018-11-05T23:05:39+08:00 ] 127.0.0.1 GET www.kingblogphp.com/admin/category?addtabs=1
[ sql ] [ DB ] CONNECT:[ UseTime:0.002237s ] mysql:host=127.0.0.1;dbname=kingblogphp;charset=utf8
[ sql ] [ SQL ] SHOW COLUMNS FROM `kb_auth_group_access` [ RunTime:0.001202s ]
[ sql ] [ SQL ] SELECT `aga`.`uid`,`aga`.`group_id`,`ag`.`id`,`ag`.`pid`,`ag`.`name`,`ag`.`rules` FROM `kb_auth_group_access` `aga` LEFT JOIN `kb_auth_group` `ag` ON `aga`.`group_id`=`ag`.`id` WHERE  (  aga.uid='1' and ag.status='normal' ) [ RunTime:0.000977s ]
[ sql ] [ SQL ] SHOW COLUMNS FROM `kb_auth_rule` [ RunTime:0.001561s ]
[ sql ] [ SQL ] SELECT `id`,`pid`,`condition`,`icon`,`name`,`title`,`ismenu` FROM `kb_auth_rule` WHERE  `status` = 'normal' [ RunTime:0.001719s ]
[ sql ] [ SQL ] SHOW COLUMNS FROM `kb_category` [ RunTime:0.002359s ]
[ sql ] [ SQL ] SELECT * FROM `kb_category` ORDER BY `weigh` DESC,`id` DESC [ RunTime:0.000763s ]
[ sql ] [ SQL ] SELECT `title`,`remark` FROM `kb_auth_rule` WHERE  `name` = 'category' LIMIT 1 [ RunTime:0.000613s ]
---------------------------------------------------------------
[ 2018-11-05T23:05:40+08:00 ] 127.0.0.1 GET www.kingblogphp.com/admin/category/index?sort=weigh&order=desc&_=1541430339917
[ sql ] [ DB ] CONNECT:[ UseTime:0.002069s ] mysql:host=127.0.0.1;dbname=kingblogphp;charset=utf8
[ sql ] [ SQL ] SHOW COLUMNS FROM `kb_auth_group_access` [ RunTime:0.001047s ]
[ sql ] [ SQL ] SELECT `aga`.`uid`,`aga`.`group_id`,`ag`.`id`,`ag`.`pid`,`ag`.`name`,`ag`.`rules` FROM `kb_auth_group_access` `aga` LEFT JOIN `kb_auth_group` `ag` ON `aga`.`group_id`=`ag`.`id` WHERE  (  aga.uid='1' and ag.status='normal' ) [ RunTime:0.000765s ]
[ sql ] [ SQL ] SHOW COLUMNS FROM `kb_auth_rule` [ RunTime:0.001275s ]
[ sql ] [ SQL ] SELECT `id`,`pid`,`condition`,`icon`,`name`,`title`,`ismenu` FROM `kb_auth_rule` WHERE  `status` = 'normal' [ RunTime:0.001165s ]
[ sql ] [ SQL ] SHOW COLUMNS FROM `kb_category` [ RunTime:0.002103s ]
[ sql ] [ SQL ] SELECT * FROM `kb_category` ORDER BY `weigh` DESC,`id` DESC [ RunTime:0.000884s ]
---------------------------------------------------------------
[ 2018-11-05T23:05:45+08:00 ] 127.0.0.1 GET www.kingblogphp.com/admin/addon?addtabs=1
[ sql ] [ DB ] CONNECT:[ UseTime:0.003105s ] mysql:host=127.0.0.1;dbname=kingblogphp;charset=utf8
[ sql ] [ SQL ] SHOW COLUMNS FROM `kb_auth_group_access` [ RunTime:0.001017s ]
[ sql ] [ SQL ] SELECT `aga`.`uid`,`aga`.`group_id`,`ag`.`id`,`ag`.`pid`,`ag`.`name`,`ag`.`rules` FROM `kb_auth_group_access` `aga` LEFT JOIN `kb_auth_group` `ag` ON `aga`.`group_id`=`ag`.`id` WHERE  (  aga.uid='1' and ag.status='normal' ) [ RunTime:0.000650s ]
[ sql ] [ SQL ] SHOW COLUMNS FROM `kb_auth_rule` [ RunTime:0.001091s ]
[ sql ] [ SQL ] SELECT `id`,`pid`,`condition`,`icon`,`name`,`title`,`ismenu` FROM `kb_auth_rule` WHERE  `status` = 'normal' [ RunTime:0.001767s ]
[ sql ] [ SQL ] SELECT `title`,`remark` FROM `kb_auth_rule` WHERE  `name` = 'addon' LIMIT 1 [ RunTime:0.000851s ]
